<?xml version="1.0" encoding="UTF-8"?>
<testng-results ignored="0" total="1" passed="1" failed="0" skipped="0">
  <reporter-output>
  </reporter-output>
  <suite started-at="2021-03-18T19:59:05Z" name="Default suite" finished-at="2021-03-18T19:59:09Z" duration-ms="4772">
    <groups>
    </groups>
    <test started-at="2021-03-18T19:59:05Z" name="Default test" finished-at="2021-03-18T19:59:09Z" duration-ms="4772">
      <class name="maruf.Tasmi.Bl">
        <test-method signature="jewellery()[pri:0, instance:maruf.Tasmi.Bl@6986852]" started-at="2021-03-18T19:59:05Z" name="jewellery" finished-at="2021-03-18T19:59:09Z" duration-ms="4757" status="PASS">
          <reporter-output>
          </reporter-output>
        </test-method> <!-- jewellery -->
      </class> <!-- maruf.Tasmi.Bl -->
    </test> <!-- Default test -->
  </suite> <!-- Default suite -->
</testng-results>
